Change Component Designator: Old Designator=C? New Designator=C200
Change Component Designator: Old Designator=C? New Designator=C201
Change Component Designator: Old Designator=C? New Designator=C202
Change Component Designator: Old Designator=C? New Designator=C203
Change Component Designator: Old Designator=C? New Designator=C204
Change Component Designator: Old Designator=C? New Designator=C205
Change Component Designator: Old Designator=D? New Designator=D200
Change Component Designator: Old Designator=D? New Designator=D201
Change Component Designator: Old Designator=D? New Designator=D202
Change Component Designator: Old Designator=D? New Designator=D203
Change Component Designator: Old Designator=D? New Designator=D204
Change Component Designator: Old Designator=J? New Designator=J200
Change Component Designator: Old Designator=J? New Designator=J201
Change Component Designator: Old Designator=R? New Designator=R200
Change Component Designator: Old Designator=R? New Designator=R201
Change Component Designator: Old Designator=R? New Designator=R202
Change Component Designator: Old Designator=R? New Designator=R203
Change Component Designator: Old Designator=R? New Designator=R204
Change Component Designator: Old Designator=R? New Designator=R205
Change Component Designator: Old Designator=R? New Designator=R206
Change Component Designator: Old Designator=SW? New Designator=SW200
Change Component Designator: Old Designator=U? New Designator=U200
Change Component Designator: Old Designator=Y? New Designator=Y200
