Change Component Designator: Old Designator=C? New Designator=C300
Change Component Designator: Old Designator=C? New Designator=C301
Change Component Designator: Old Designator=C? New Designator=C302
Change Component Designator: Old Designator=C? New Designator=C303
Change Component Designator: Old Designator=C? New Designator=C304
Change Component Designator: Old Designator=C? New Designator=C305
Change Component Designator: Old Designator=C? New Designator=C306
Change Component Designator: Old Designator=C? New Designator=C307
Change Component Designator: Old Designator=C? New Designator=C308
Change Component Designator: Old Designator=D? New Designator=D300
Change Component Designator: Old Designator=D? New Designator=D301
Change Component Designator: Old Designator=D? New Designator=D302
Change Component Designator: Old Designator=D? New Designator=D303
Change Component Designator: Old Designator=D? New Designator=D304
Change Component Designator: Old Designator=D? New Designator=D305
Change Component Designator: Old Designator=J? New Designator=J300
Change Component Designator: Old Designator=J? New Designator=J301
Change Component Designator: Old Designator=J? New Designator=J302
Change Component Designator: Old Designator=J? New Designator=J303
Change Component Designator: Old Designator=R? New Designator=R300
Change Component Designator: Old Designator=R? New Designator=R301
Change Component Designator: Old Designator=R? New Designator=R302
Change Component Designator: Old Designator=R? New Designator=R303
Change Component Designator: Old Designator=R? New Designator=R304
Change Component Designator: Old Designator=R? New Designator=R305
Change Component Designator: Old Designator=R? New Designator=R306
Change Component Designator: Old Designator=R? New Designator=R307
Change Component Designator: Old Designator=R? New Designator=R308
Change Component Designator: Old Designator=R? New Designator=R309
Change Component Designator: Old Designator=R? New Designator=R310
Change Component Designator: Old Designator=R? New Designator=R311
Change Component Designator: Old Designator=U? New Designator=U300
Change Component Designator: Old Designator=U? New Designator=U301
Change Component Designator: Old Designator=U? New Designator=U302
