Change Component Designator: Old Designator=C? New Designator=C400
Change Component Designator: Old Designator=C? New Designator=C401
Change Component Designator: Old Designator=C? New Designator=C402
Change Component Designator: Old Designator=C? New Designator=C403
Change Component Designator: Old Designator=C? New Designator=C404
Change Component Designator: Old Designator=C? New Designator=C405
Change Component Designator: Old Designator=C? New Designator=C406
Change Component Designator: Old Designator=C? New Designator=C407
Change Component Designator: Old Designator=D? New Designator=D400
Change Component Designator: Old Designator=D? New Designator=D401
Change Component Designator: Old Designator=D? New Designator=D402
Change Component Designator: Old Designator=J? New Designator=J400
Change Component Designator: Old Designator=Q? New Designator=Q400
Change Component Designator: Old Designator=Q? New Designator=Q401
Change Component Designator: Old Designator=Q? New Designator=Q402
Change Component Designator: Old Designator=Q? New Designator=Q403
Change Component Designator: Old Designator=R? New Designator=R400
Change Component Designator: Old Designator=R? New Designator=R401
Change Component Designator: Old Designator=R? New Designator=R402
Change Component Designator: Old Designator=R? New Designator=R403
Change Component Designator: Old Designator=R? New Designator=R404
Change Component Designator: Old Designator=R? New Designator=R405
Change Component Designator: Old Designator=R? New Designator=R406
Change Component Designator: Old Designator=R? New Designator=R407
Change Component Designator: Old Designator=R? New Designator=R408
Change Component Designator: Old Designator=SW? New Designator=SW400
Change Component Designator: Old Designator=U? New Designator=U400
Change Component Designator: Old Designator=U? New Designator=U401
Change Component Designator: Old Designator=U? New Designator=U402
